# JRE version: 7.0_11-b21
# Java VM: Java HotSpot(TM) 64-Bit Server VM (23.6-b04 mixed mode windows-amd64 compressed oops)
Heap
 par new generation   total 78656K, used 26323K [0x00000000b0000000, 0x00000000b5550000, 0x00000000c4cc0000)
  eden space 69952K,  29% used [0x00000000b0000000, 0x00000000b13dd450, 0x00000000b4450000)
  from space 8704K,  68% used [0x00000000b4cd0000, 0x00000000b52a7b18, 0x00000000b5550000)
  to   space 8704K,   0% used [0x00000000b4450000, 0x00000000b4450000, 0x00000000b4cd0000)
 concurrent mark-sweep generation total 174784K, used 19095K [0x00000000c4cc0000, 0x00000000cf770000, 0x00000000f0000000)
 concurrent-mark-sweep perm gen total 93328K, used 60696K [0x00000000f0000000, 0x00000000f5b24000, 0x0000000100000000)
GC Heap History (10 events):
Event: 45.778 GC heap after
Heap after GC invocations=13 (full 3):
 par new generation   total 78656K, used 4819K [0x00000000b0000000, 0x00000000b5550000, 0x00000000c4cc0000)
  eden space 69952K,   0% used [0x00000000b0000000, 0x00000000b0000000, 0x00000000b4450000)
  from space 8704K,  55% used [0x00000000b4cd0000, 0x00000000b5184d90, 0x00000000b5550000)
  to   space 8704K,   0% used [0x00000000b4450000, 0x00000000b4450000, 0x00000000b4cd0000)
 concurrent mark-sweep generation total 174784K, used 16552K [0x00000000c4cc0000, 0x00000000cf770000, 0x00000000f0000000)
 concurrent-mark-sweep perm gen total 93328K, used 59469K [0x00000000f0000000, 0x00000000f5b24000, 0x0000000100000000)
}
Event: 45.940 GC heap before
{Heap before GC invocations=13 (full 3):
 par new generation   total 78656K, used 74771K [0x00000000b0000000, 0x00000000b5550000, 0x00000000c4cc0000)
  eden space 69952K, 100% used [0x00000000b0000000, 0x00000000b4450000, 0x00000000b4450000)
  from space 8704K,  55% used [0x00000000b4cd0000, 0x00000000b5184d90, 0x00000000b5550000)
  to   space 8704K,   0% used [0x00000000b4450000, 0x00000000b4450000, 0x00000000b4cd0000)
 concurrent mark-sweep generation total 174784K, used 16552K [0x00000000c4cc0000, 0x00000000cf770000, 0x00000000f0000000)
 concurrent-mark-sweep perm gen total 93328K, used 59481K [0x00000000f0000000, 0x00000000f5b24000, 0x0000000100000000)
Event: 45.951 GC heap after
Heap after GC invocations=14 (full 3):
 par new generation   total 78656K, used 7394K [0x00000000b0000000, 0x00000000b5550000, 0x00000000c4cc0000)
  eden space 69952K,   0% used [0x00000000b0000000, 0x00000000b0000000, 0x00000000b4450000)
  from space 8704K,  84% used [0x00000000b4450000, 0x00000000b4b88b78, 0x00000000b4cd0000)
  to   space 8704K,   0% used [0x00000000b4cd0000, 0x00000000b4cd0000, 0x00000000b5550000)
 concurrent mark-sweep generation total 174784K, used 16552K [0x00000000c4cc0000, 0x00000000cf770000, 0x00000000f0000000)
 concurrent-mark-sweep perm gen total 93328K, used 59481K [0x00000000f0000000, 0x00000000f5b24000, 0x0000000100000000)
}
Event: 46.394 GC heap before
{Heap before GC invocations=14 (full 3):
 par new generation   total 78656K, used 77346K [0x00000000b0000000, 0x00000000b5550000, 0x00000000c4cc0000)
  eden space 69952K, 100% used [0x00000000b0000000, 0x00000000b4450000, 0x00000000b4450000)
  from space 8704K,  84% used [0x00000000b4450000, 0x00000000b4b88b78, 0x00000000b4cd0000)
  to   space 8704K,   0% used [0x00000000b4cd0000, 0x00000000b4cd0000, 0x00000000b5550000)
 concurrent mark-sweep generation total 174784K, used 16552K [0x00000000c4cc0000, 0x00000000cf770000, 0x00000000f0000000)
 concurrent-mark-sweep perm gen total 93328K, used 59507K [0x00000000f0000000, 0x00000000f5b24000, 0x0000000100000000)
Event: 46.402 GC heap after
Heap after GC invocations=15 (full 3):
 par new generation   total 78656K, used 3850K [0x00000000b0000000, 0x00000000b5550000, 0x00000000c4cc0000)
  eden space 69952K,   0% used [0x00000000b0000000, 0x00000000b0000000, 0x00000000b4450000)
  from space 8704K,  44% used [0x00000000b4cd0000, 0x00000000b5092a38, 0x00000000b5550000)
  to   space 8704K,   0% used [0x00000000b4450000, 0x00000000b4450000, 0x00000000b4cd0000)
 concurrent mark-sweep generation total 174784K, used 18533K [0x00000000c4cc0000, 0x00000000cf770000, 0x00000000f0000000)
 concurrent-mark-sweep perm gen total 93328K, used 59507K [0x00000000f0000000, 0x00000000f5b24000, 0x0000000100000000)
}
Event: 46.683 GC heap before
{Heap before GC invocations=15 (full 3):
 par new generation   total 78656K, used 73802K [0x00000000b0000000, 0x00000000b5550000, 0x00000000c4cc0000)
  eden space 69952K, 100% used [0x00000000b0000000, 0x00000000b4450000, 0x00000000b4450000)
  from space 8704K,  44% used [0x00000000b4cd0000, 0x00000000b5092a38, 0x00000000b5550000)
  to   space 8704K,   0% used [0x00000000b4450000, 0x00000000b4450000, 0x00000000b4cd0000)
 concurrent mark-sweep generation total 174784K, used 18533K [0x00000000c4cc0000, 0x00000000cf770000, 0x00000000f0000000)
 concurrent-mark-sweep perm gen total 93328K, used 60498K [0x00000000f0000000, 0x00000000f5b24000, 0x0000000100000000)
Event: 46.690 GC heap after
Heap after GC invocations=16 (full 3):
 par new generation   total 78656K, used 5507K [0x00000000b0000000, 0x00000000b5550000, 0x00000000c4cc0000)
  eden space 69952K,   0% used [0x00000000b0000000, 0x00000000b0000000, 0x00000000b4450000)
  from space 8704K,  63% used [0x00000000b4450000, 0x00000000b49b0d18, 0x00000000b4cd0000)
  to   space 8704K,   0% used [0x00000000b4cd0000, 0x00000000b4cd0000, 0x00000000b5550000)
 concurrent mark-sweep generation total 174784K, used 18905K [0x00000000c4cc0000, 0x00000000cf770000, 0x00000000f0000000)
 concurrent-mark-sweep perm gen total 93328K, used 60498K [0x00000000f0000000, 0x00000000f5b24000, 0x0000000100000000)
}
Event: 46.971 GC heap before
{Heap before GC invocations=16 (full 3):
 par new generation   total 78656K, used 75459K [0x00000000b0000000, 0x00000000b5550000, 0x00000000c4cc0000)
  eden space 69952K, 100% used [0x00000000b0000000, 0x00000000b4450000, 0x00000000b4450000)
  from space 8704K,  63% used [0x00000000b4450000, 0x00000000b49b0dd8, 0x00000000b4cd0000)
  to   space 8704K,   0% used [0x00000000b4cd0000, 0x00000000b4cd0000, 0x00000000b5550000)
 concurrent mark-sweep generation total 174784K, used 18905K [0x00000000c4cc0000, 0x00000000cf770000, 0x00000000f0000000)
 concurrent-mark-sweep perm gen total 93328K, used 60601K [0x00000000f0000000, 0x00000000f5b24000, 0x0000000100000000)
Event: 46.980 GC heap after
Heap after GC invocations=17 (full 3):
 par new generation   total 78656K, used 5982K [0x00000000b0000000, 0x00000000b5550000, 0x00000000c4cc0000)
  eden space 69952K,   0% used [0x00000000b0000000, 0x00000000b0000000, 0x00000000b4450000)
  from space 8704K,  68% used [0x00000000b4cd0000, 0x00000000b52a7b18, 0x00000000b5550000)
  to   space 8704K,   0% used [0x00000000b4450000, 0x00000000b4450000, 0x00000000b4cd0000)
 concurrent mark-sweep generation total 174784K, used 19095K [0x00000000c4cc0000, 0x00000000cf770000, 0x00000000f0000000)
 concurrent-mark-sweep perm gen total 93328K, used 60601K [0x00000000f0000000, 0x00000000f5b24000, 0x0000000100000000)
}
Event: 47.605 GC heap before
{Heap before GC invocations=17 (full 3):
 par new generation   total 78656K, used 26323K [0x00000000b0000000, 0x00000000b5550000, 0x00000000c4cc0000)
  eden space 69952K,  29% used [0x00000000b0000000, 0x00000000b13dd450, 0x00000000b4450000)
  from space 8704K,  68% used [0x00000000b4cd0000, 0x00000000b52a7b18, 0x00000000b5550000)
  to   space 8704K,   0% used [0x00000000b4450000, 0x00000000b4450000, 0x00000000b4cd0000)
 concurrent mark-sweep generation total 174784K, used 19095K [0x00000000c4cc0000, 0x00000000cf770000, 0x00000000f0000000)
 concurrent-mark-sweep perm gen total 93328K, used 60696K [0x00000000f0000000, 0x00000000f5b24000, 0x0000000100000000)

