# JRE version: 7.0_11-b21
# Java VM: Java HotSpot(TM) 64-Bit Server VM (23.6-b04 mixed mode windows-amd64 compressed oops)
Heap
 par new generation   total 78656K, used 34621K [0x00000000b0000000, 0x00000000b5550000, 0x00000000c4cc0000)
  eden space 69952K,  37% used [0x00000000b0000000, 0x00000000b194f4a8, 0x00000000b4450000)
  from space 8704K, 100% used [0x00000000b4450000, 0x00000000b4cd0000, 0x00000000b4cd0000)
  to   space 8704K,   0% used [0x00000000b4cd0000, 0x00000000b4cd0000, 0x00000000b5550000)
 concurrent mark-sweep generation total 174784K, used 12082K [0x00000000c4cc0000, 0x00000000cf770000, 0x00000000f0000000)
 concurrent-mark-sweep perm gen total 91664K, used 58884K [0x00000000f0000000, 0x00000000f5984000, 0x0000000100000000)
GC Heap History (10 events):
Event: 29.148 GC heap after
Heap after GC invocations=4 (full 1):
 par new generation   total 78656K, used 8703K [0x00000000b0000000, 0x00000000b5550000, 0x00000000c4cc0000)
  eden space 69952K,   0% used [0x00000000b0000000, 0x00000000b0000000, 0x00000000b4450000)
  from space 8704K,  99% used [0x00000000b4450000, 0x00000000b4ccfff8, 0x00000000b4cd0000)
  to   space 8704K,   0% used [0x00000000b4cd0000, 0x00000000b4cd0000, 0x00000000b5550000)
 concurrent mark-sweep generation total 174784K, used 11650K [0x00000000c4cc0000, 0x00000000cf770000, 0x00000000f0000000)
 concurrent-mark-sweep perm gen total 32768K, used 32654K [0x00000000f0000000, 0x00000000f2000000, 0x0000000100000000)
}
Event: 30.404 GC heap before
{Heap before GC invocations=4 (full 2):
 par new generation   total 78656K, used 78655K [0x00000000b0000000, 0x00000000b5550000, 0x00000000c4cc0000)
  eden space 69952K, 100% used [0x00000000b0000000, 0x00000000b4450000, 0x00000000b4450000)
  from space 8704K,  99% used [0x00000000b4450000, 0x00000000b4ccfff8, 0x00000000b4cd0000)
  to   space 8704K,   0% used [0x00000000b4cd0000, 0x00000000b4cd0000, 0x00000000b5550000)
 concurrent mark-sweep generation total 174784K, used 11650K [0x00000000c4cc0000, 0x00000000cf770000, 0x00000000f0000000)
 concurrent-mark-sweep perm gen total 64648K, used 41705K [0x00000000f0000000, 0x00000000f3f22000, 0x0000000100000000)
Event: 30.441 GC heap after
Heap after GC invocations=5 (full 2):
 par new generation   total 78656K, used 8703K [0x00000000b0000000, 0x00000000b5550000, 0x00000000c4cc0000)
  eden space 69952K,   0% used [0x00000000b0000000, 0x00000000b0000000, 0x00000000b4450000)
  from space 8704K,  99% used [0x00000000b4cd0000, 0x00000000b554fff0, 0x00000000b5550000)
  to   space 8704K,   0% used [0x00000000b4450000, 0x00000000b4450000, 0x00000000b4cd0000)
 concurrent mark-sweep generation total 174784K, used 18168K [0x00000000c4cc0000, 0x00000000cf770000, 0x00000000f0000000)
 concurrent-mark-sweep perm gen total 64648K, used 41705K [0x00000000f0000000, 0x00000000f3f22000, 0x0000000100000000)
}
Event: 30.499 GC heap before
{Heap before GC invocations=5 (full 2):
 par new generation   total 78656K, used 78636K [0x00000000b0000000, 0x00000000b5550000, 0x00000000c4cc0000)
  eden space 69952K,  99% used [0x00000000b0000000, 0x00000000b444b098, 0x00000000b4450000)
  from space 8704K,  99% used [0x00000000b4cd0000, 0x00000000b554fff0, 0x00000000b5550000)
  to   space 8704K,   0% used [0x00000000b4450000, 0x00000000b4450000, 0x00000000b4cd0000)
 concurrent mark-sweep generation total 174784K, used 7513K [0x00000000c4cc0000, 0x00000000cf770000, 0x00000000f0000000)
 concurrent-mark-sweep perm gen total 69328K, used 41594K [0x00000000f0000000, 0x00000000f43b4000, 0x0000000100000000)
Event: 30.507 GC heap after
Heap after GC invocations=6 (full 2):
 par new generation   total 78656K, used 821K [0x00000000b0000000, 0x00000000b5550000, 0x00000000c4cc0000)
  eden space 69952K,   0% used [0x00000000b0000000, 0x00000000b0000000, 0x00000000b4450000)
  from space 8704K,   9% used [0x00000000b4450000, 0x00000000b451d5e0, 0x00000000b4cd0000)
  to   space 8704K,   0% used [0x00000000b4cd0000, 0x00000000b4cd0000, 0x00000000b5550000)
 concurrent mark-sweep generation total 174784K, used 9431K [0x00000000c4cc0000, 0x00000000cf770000, 0x00000000f0000000)
 concurrent-mark-sweep perm gen total 69328K, used 41594K [0x00000000f0000000, 0x00000000f43b4000, 0x0000000100000000)
}
Event: 32.118 GC heap before
{Heap before GC invocations=6 (full 2):
 par new generation   total 78656K, used 70773K [0x00000000b0000000, 0x00000000b5550000, 0x00000000c4cc0000)
  eden space 69952K, 100% used [0x00000000b0000000, 0x00000000b4450000, 0x00000000b4450000)
  from space 8704K,   9% used [0x00000000b4450000, 0x00000000b451d5e0, 0x00000000b4cd0000)
  to   space 8704K,   0% used [0x00000000b4cd0000, 0x00000000b4cd0000, 0x00000000b5550000)
 concurrent mark-sweep generation total 174784K, used 9431K [0x00000000c4cc0000, 0x00000000cf770000, 0x00000000f0000000)
 concurrent-mark-sweep perm gen total 69328K, used 41759K [0x00000000f0000000, 0x00000000f43b4000, 0x0000000100000000)
Event: 32.123 GC heap after
Heap after GC invocations=7 (full 2):
 par new generation   total 78656K, used 2631K [0x00000000b0000000, 0x00000000b5550000, 0x00000000c4cc0000)
  eden space 69952K,   0% used [0x00000000b0000000, 0x00000000b0000000, 0x00000000b4450000)
  from space 8704K,  30% used [0x00000000b4cd0000, 0x00000000b4f61f38, 0x00000000b5550000)
  to   space 8704K,   0% used [0x00000000b4450000, 0x00000000b4450000, 0x00000000b4cd0000)
 concurrent mark-sweep generation total 174784K, used 9431K [0x00000000c4cc0000, 0x00000000cf770000, 0x00000000f0000000)
 concurrent-mark-sweep perm gen total 69328K, used 41759K [0x00000000f0000000, 0x00000000f43b4000, 0x0000000100000000)
}
Event: 41.946 GC heap before
{Heap before GC invocations=7 (full 3):
 par new generation   total 78656K, used 72583K [0x00000000b0000000, 0x00000000b5550000, 0x00000000c4cc0000)
  eden space 69952K, 100% used [0x00000000b0000000, 0x00000000b4450000, 0x00000000b4450000)
  from space 8704K,  30% used [0x00000000b4cd0000, 0x00000000b4f61f38, 0x00000000b5550000)
  to   space 8704K,   0% used [0x00000000b4450000, 0x00000000b4450000, 0x00000000b4cd0000)
 concurrent mark-sweep generation total 174784K, used 6384K [0x00000000c4cc0000, 0x00000000cf770000, 0x00000000f0000000)
 concurrent-mark-sweep perm gen total 91664K, used 57815K [0x00000000f0000000, 0x00000000f5984000, 0x0000000100000000)
Event: 41.978 GC heap after
Heap after GC invocations=8 (full 3):
 par new generation   total 78656K, used 8704K [0x00000000b0000000, 0x00000000b5550000, 0x00000000c4cc0000)
  eden space 69952K,   0% used [0x00000000b0000000, 0x00000000b0000000, 0x00000000b4450000)
  from space 8704K, 100% used [0x00000000b4450000, 0x00000000b4cd0000, 0x00000000b4cd0000)
  to   space 8704K,   0% used [0x00000000b4cd0000, 0x00000000b4cd0000, 0x00000000b5550000)
 concurrent mark-sweep generation total 174784K, used 12082K [0x00000000c4cc0000, 0x00000000cf770000, 0x00000000f0000000)
 concurrent-mark-sweep perm gen total 91664K, used 57815K [0x00000000f0000000, 0x00000000f5984000, 0x0000000100000000)
}
Event: 42.861 GC heap before
{Heap before GC invocations=8 (full 3):
 par new generation   total 78656K, used 34621K [0x00000000b0000000, 0x00000000b5550000, 0x00000000c4cc0000)
  eden space 69952K,  37% used [0x00000000b0000000, 0x00000000b194f4a8, 0x00000000b4450000)
  from space 8704K, 100% used [0x00000000b4450000, 0x00000000b4cd0000, 0x00000000b4cd0000)
  to   space 8704K,   0% used [0x00000000b4cd0000, 0x00000000b4cd0000, 0x00000000b5550000)
 concurrent mark-sweep generation total 174784K, used 12082K [0x00000000c4cc0000, 0x00000000cf770000, 0x00000000f0000000)
 concurrent-mark-sweep perm gen total 91664K, used 58884K [0x00000000f0000000, 0x00000000f5984000, 0x0000000100000000)

