# JRE version: 7.0_11-b21
# Java VM: Java HotSpot(TM) 64-Bit Server VM (23.6-b04 mixed mode windows-amd64 compressed oops)
Heap
 par new generation   total 78656K, used 11142K [0x00000000b0000000, 0x00000000b5550000, 0x00000000c4cc0000)
  eden space 69952K,   3% used [0x00000000b0000000, 0x00000000b0261a70, 0x00000000b4450000)
  from space 8704K, 100% used [0x00000000b4450000, 0x00000000b4cd0000, 0x00000000b4cd0000)
  to   space 8704K,   0% used [0x00000000b4cd0000, 0x00000000b4cd0000, 0x00000000b5550000)
 concurrent mark-sweep generation total 174784K, used 11879K [0x00000000c4cc0000, 0x00000000cf770000, 0x00000000f0000000)
 concurrent-mark-sweep perm gen total 91660K, used 57384K [0x00000000f0000000, 0x00000000f5983000, 0x0000000100000000)
GC Heap History (10 events):
Event: 29.397 GC heap after
Heap after GC invocations=4 (full 1):
 par new generation   total 78656K, used 8704K [0x00000000b0000000, 0x00000000b5550000, 0x00000000c4cc0000)
  eden space 69952K,   0% used [0x00000000b0000000, 0x00000000b0000000, 0x00000000b4450000)
  from space 8704K, 100% used [0x00000000b4450000, 0x00000000b4cd0000, 0x00000000b4cd0000)
  to   space 8704K,   0% used [0x00000000b4cd0000, 0x00000000b4cd0000, 0x00000000b5550000)
 concurrent mark-sweep generation total 174784K, used 11191K [0x00000000c4cc0000, 0x00000000cf770000, 0x00000000f0000000)
 concurrent-mark-sweep perm gen total 32576K, used 32366K [0x00000000f0000000, 0x00000000f1fd0000, 0x0000000100000000)
}
Event: 30.725 GC heap before
{Heap before GC invocations=4 (full 2):
 par new generation   total 78656K, used 78656K [0x00000000b0000000, 0x00000000b5550000, 0x00000000c4cc0000)
  eden space 69952K, 100% used [0x00000000b0000000, 0x00000000b4450000, 0x00000000b4450000)
  from space 8704K, 100% used [0x00000000b4450000, 0x00000000b4cd0000, 0x00000000b4cd0000)
  to   space 8704K,   0% used [0x00000000b4cd0000, 0x00000000b4cd0000, 0x00000000b5550000)
 concurrent mark-sweep generation total 174784K, used 11191K [0x00000000c4cc0000, 0x00000000cf770000, 0x00000000f0000000)
 concurrent-mark-sweep perm gen total 64464K, used 41697K [0x00000000f0000000, 0x00000000f3ef4000, 0x0000000100000000)
Event: 30.762 GC heap after
Heap after GC invocations=5 (full 2):
 par new generation   total 78656K, used 8704K [0x00000000b0000000, 0x00000000b5550000, 0x00000000c4cc0000)
  eden space 69952K,   0% used [0x00000000b0000000, 0x00000000b0000000, 0x00000000b4450000)
  from space 8704K, 100% used [0x00000000b4cd0000, 0x00000000b5550000, 0x00000000b5550000)
  to   space 8704K,   0% used [0x00000000b4450000, 0x00000000b4450000, 0x00000000b4cd0000)
 concurrent mark-sweep generation total 174784K, used 17554K [0x00000000c4cc0000, 0x00000000cf770000, 0x00000000f0000000)
 concurrent-mark-sweep perm gen total 64464K, used 41697K [0x00000000f0000000, 0x00000000f3ef4000, 0x0000000100000000)
}
Event: 30.801 GC heap before
{Heap before GC invocations=5 (full 2):
 par new generation   total 78656K, used 78615K [0x00000000b0000000, 0x00000000b5550000, 0x00000000c4cc0000)
  eden space 69952K,  99% used [0x00000000b0000000, 0x00000000b4445f80, 0x00000000b4450000)
  from space 8704K, 100% used [0x00000000b4cd0000, 0x00000000b5550000, 0x00000000b5550000)
  to   space 8704K,   0% used [0x00000000b4450000, 0x00000000b4450000, 0x00000000b4cd0000)
 concurrent mark-sweep generation total 174784K, used 17554K [0x00000000c4cc0000, 0x00000000cf770000, 0x00000000f0000000)
 concurrent-mark-sweep perm gen total 64464K, used 41697K [0x00000000f0000000, 0x00000000f3ef4000, 0x0000000100000000)
Event: 30.810 GC heap after
Heap after GC invocations=6 (full 2):
 par new generation   total 78656K, used 1678K [0x00000000b0000000, 0x00000000b5550000, 0x00000000c4cc0000)
  eden space 69952K,   0% used [0x00000000b0000000, 0x00000000b0000000, 0x00000000b4450000)
  from space 8704K,  19% used [0x00000000b4450000, 0x00000000b45f3940, 0x00000000b4cd0000)
  to   space 8704K,   0% used [0x00000000b4cd0000, 0x00000000b4cd0000, 0x00000000b5550000)
 concurrent mark-sweep generation total 174784K, used 19472K [0x00000000c4cc0000, 0x00000000cf770000, 0x00000000f0000000)
 concurrent-mark-sweep perm gen total 64464K, used 41697K [0x00000000f0000000, 0x00000000f3ef4000, 0x0000000100000000)
}
Event: 32.457 GC heap before
{Heap before GC invocations=6 (full 2):
 par new generation   total 78656K, used 71630K [0x00000000b0000000, 0x00000000b5550000, 0x00000000c4cc0000)
  eden space 69952K, 100% used [0x00000000b0000000, 0x00000000b4450000, 0x00000000b4450000)
  from space 8704K,  19% used [0x00000000b4450000, 0x00000000b45f3940, 0x00000000b4cd0000)
  to   space 8704K,   0% used [0x00000000b4cd0000, 0x00000000b4cd0000, 0x00000000b5550000)
 concurrent mark-sweep generation total 174784K, used 8340K [0x00000000c4cc0000, 0x00000000cf770000, 0x00000000f0000000)
 concurrent-mark-sweep perm gen total 69392K, used 41728K [0x00000000f0000000, 0x00000000f43c4000, 0x0000000100000000)
Event: 32.462 GC heap after
Heap after GC invocations=7 (full 2):
 par new generation   total 78656K, used 2639K [0x00000000b0000000, 0x00000000b5550000, 0x00000000c4cc0000)
  eden space 69952K,   0% used [0x00000000b0000000, 0x00000000b0000000, 0x00000000b4450000)
  from space 8704K,  30% used [0x00000000b4cd0000, 0x00000000b4f63e98, 0x00000000b5550000)
  to   space 8704K,   0% used [0x00000000b4450000, 0x00000000b4450000, 0x00000000b4cd0000)
 concurrent mark-sweep generation total 174784K, used 8340K [0x00000000c4cc0000, 0x00000000cf770000, 0x00000000f0000000)
 concurrent-mark-sweep perm gen total 69392K, used 41728K [0x00000000f0000000, 0x00000000f43c4000, 0x0000000100000000)
}
Event: 41.310 GC heap before
{Heap before GC invocations=7 (full 3):
 par new generation   total 78656K, used 72591K [0x00000000b0000000, 0x00000000b5550000, 0x00000000c4cc0000)
  eden space 69952K, 100% used [0x00000000b0000000, 0x00000000b4450000, 0x00000000b4450000)
  from space 8704K,  30% used [0x00000000b4cd0000, 0x00000000b4f63e98, 0x00000000b5550000)
  to   space 8704K,   0% used [0x00000000b4450000, 0x00000000b4450000, 0x00000000b4cd0000)
 concurrent mark-sweep generation total 174784K, used 6391K [0x00000000c4cc0000, 0x00000000cf770000, 0x00000000f0000000)
 concurrent-mark-sweep perm gen total 91660K, used 57382K [0x00000000f0000000, 0x00000000f5983000, 0x0000000100000000)
Event: 41.340 GC heap after
Heap after GC invocations=8 (full 3):
 par new generation   total 78656K, used 8704K [0x00000000b0000000, 0x00000000b5550000, 0x00000000c4cc0000)
  eden space 69952K,   0% used [0x00000000b0000000, 0x00000000b0000000, 0x00000000b4450000)
  from space 8704K, 100% used [0x00000000b4450000, 0x00000000b4cd0000, 0x00000000b4cd0000)
  to   space 8704K,   0% used [0x00000000b4cd0000, 0x00000000b4cd0000, 0x00000000b5550000)
 concurrent mark-sweep generation total 174784K, used 11879K [0x00000000c4cc0000, 0x00000000cf770000, 0x00000000f0000000)
 concurrent-mark-sweep perm gen total 91660K, used 57382K [0x00000000f0000000, 0x00000000f5983000, 0x0000000100000000)
}
Event: 41.365 GC heap before
{Heap before GC invocations=8 (full 3):
 par new generation   total 78656K, used 11142K [0x00000000b0000000, 0x00000000b5550000, 0x00000000c4cc0000)
  eden space 69952K,   3% used [0x00000000b0000000, 0x00000000b0261a70, 0x00000000b4450000)
  from space 8704K, 100% used [0x00000000b4450000, 0x00000000b4cd0000, 0x00000000b4cd0000)
  to   space 8704K,   0% used [0x00000000b4cd0000, 0x00000000b4cd0000, 0x00000000b5550000)
 concurrent mark-sweep generation total 174784K, used 11879K [0x00000000c4cc0000, 0x00000000cf770000, 0x00000000f0000000)
 concurrent-mark-sweep perm gen total 91660K, used 57384K [0x00000000f0000000, 0x00000000f5983000, 0x0000000100000000)

